#
# A fatal error has been detected by the Java Runtime Environment:
#
#  Internal Error (classFileParser.cpp:3075), pid=5604, tid=296
#  Error: ShouldNotReachHere()
#
# JRE version: 6.0_14-b08
# Java VM: Java HotSpot(TM) Client VM (14.0-b16 mixed mode windows-x86 )
# If you would like to submit a bug report, please visit:
#   http://java.sun.com/webapps/bugreport/crash.jsp
#

---------------  T H R E A D  ---------------

Current thread (0x01a29800):  JavaThread "Unknown thread" [_thread_in_vm, id=296, stack(0x013b0000,0x01400000)]

Stack: [0x013b0000,0x01400000],  sp=0x013ff8f8,  free space=318k
Native frames: (J=compiled Java code, j=interpreted, Vv=VM code, C=native code)
V  [jvm.dll+0x1e5fe7]
V  [jvm.dll+0xa0699]
V  [jvm.dll+0x737f2]
V  [jvm.dll+0x74e44]
V  [jvm.dll+0x1b5ce6]
V  [jvm.dll+0x1b637e]
V  [jvm.dll+0x1b6735]
V  [jvm.dll+0x1b677b]
V  [jvm.dll+0x1b68a2]
V  [jvm.dll+0x1b691a]
V  [jvm.dll+0x1b69cd]
V  [jvm.dll+0x1b6be2]
V  [jvm.dll+0x1d5a83]
V  [jvm.dll+0x1d5ebc]
V  [jvm.dll+0xd6101]
V  [jvm.dll+0x1cff02]
V  [jvm.dll+0xfe8e0]
C  [javaw.exe+0x1657]
C  [javaw.exe+0x1e2c]
C  [javaw.exe+0x833e]
C  [kernel32.dll+0x44911]
C  [ntdll.dll+0x3e4b6]
C  [ntdll.dll+0x3e489]


---------------  P R O C E S S  ---------------

Java Threads: ( => current thread )

Other Threads:

=>0x01a29800 (exited) JavaThread "Unknown thread" [_thread_in_vm, id=296, stack(0x013b0000,0x01400000)]

VM state:not at safepoint (not fully initialized)

VM Mutex/Monitor currently owned by a thread: None

Dynamic libraries:
0x00400000 - 0x00424000 	C:\Program Files\Java\jre6\bin\javaw.exe
0x776d0000 - 0x777f7000 	C:\Windows\system32\ntdll.dll
0x76570000 - 0x7664b000 	C:\Windows\system32\kernel32.dll
0x76870000 - 0x76936000 	C:\Windows\system32\ADVAPI32.dll
0x760d0000 - 0x76192000 	C:\Windows\system32\RPCRT4.dll
0x761c0000 - 0x7625d000 	C:\Windows\system32\USER32.dll
0x77850000 - 0x7789b000 	C:\Windows\system32\GDI32.dll
0x761a0000 - 0x761be000 	C:\Windows\system32\IMM32.DLL
0x76690000 - 0x76758000 	C:\Windows\system32\MSCTF.dll
0x76470000 - 0x7651a000 	C:\Windows\system32\msvcrt.dll
0x77920000 - 0x77929000 	C:\Windows\system32\LPK.DLL
0x767f0000 - 0x7686d000 	C:\Windows\system32\USP10.dll
0x7c340000 - 0x7c396000 	C:\Program Files\Java\jre6\bin\msvcr71.dll
0x6d800000 - 0x6da8b000 	C:\Program Files\Java\jre6\bin\client\jvm.dll
0x74810000 - 0x74842000 	C:\Windows\system32\WINMM.dll
0x77450000 - 0x77594000 	C:\Windows\system32\ole32.dll
0x762f0000 - 0x7637d000 	C:\Windows\system32\OLEAUT32.dll
0x747d0000 - 0x74809000 	C:\Windows\system32\OLEACC.dll
0x75d70000 - 0x75d9c000 	C:\Windows\system32\apphelp.dll
0x6d7b0000 - 0x6d7bc000 	C:\Program Files\Java\jre6\bin\verify.dll
0x6d330000 - 0x6d34f000 	C:\Program Files\Java\jre6\bin\java.dll
0x6d290000 - 0x6d298000 	C:\Program Files\Java\jre6\bin\hpi.dll
0x75f30000 - 0x75f37000 	C:\Windows\system32\PSAPI.DLL
0x6d7f0000 - 0x6d7ff000 	C:\Program Files\Java\jre6\bin\zip.dll

VM Arguments:
jvm_args: -Dfile.encoding=Cp1252 -Xbootclasspath:C:\Users\brandon\Programming\android-sdk-windows-1.6_r1\android-sdk-windows-1.6_r1\platforms\android-1.5\android.jar 
java_command: com.androidpersistance.test.TestAnnotation
Launcher Type: SUN_STANDARD

Environment Variables:
PATH=C:/Program Files/Java/jre6/bin/client;C:/Program Files/Java/jre6/bin;C:\Program Files\JavaFX\javafx-sdk1.2\bin;C:\Program Files\JavaFX\javafx-sdk1.2\emulator\bin;C:\Windows\system32;C:\Windows;C:\Windows\System32\Wbem;C:\Program Files\Common Files\Roxio Shared\DLLShared\;C:\Program Files\Common Files\Roxio Shared\10.0\DLLShared\;C:\wamp\bin\php\php5.2.9-2;C:\wamp\bin\mysql\mysql5.1.33\bin;C:\Users\brandon\Programming\android-sdk-windows-1.5_r2\tools;C:\Program Files\monotone;C:\Program Files\TortoiseSVN\bin
USERNAME=brandon
OS=Windows_NT
PROCESSOR_IDENTIFIER=x86 Family 6 Model 23 Stepping 10, GenuineIntel



---------------  S Y S T E M  ---------------

OS: Windows Vista Build 6001 Service Pack 1

CPU:total 2 (2 cores per cpu, 1 threads per core) family 6 model 23 stepping 10, cmov, cx8, fxsr, mmx, sse, sse2, sse3, ssse3, sse4.1

Memory: 4k page, physical 2097151k(1647544k free), swap 4194303k(4194303k free)

vm_info: Java HotSpot(TM) Client VM (14.0-b16) for windows-x86 JRE (1.6.0_14-b08), built on May 21 2009 08:03:56 by "java_re" with MS VC++ 7.1

time: Fri Oct 30 21:14:35 2009
elapsed time: 0 seconds

